Analysis & Synthesis report for DDS
Sat Nov 20 16:27:37 2021
Quartus II Version 9.0 Build 235 06/17/2009 Service Pack 2 SJ Web Edition


---------------------
; Table of Contents ;
---------------------
  1. Legal Notice
  2. Analysis & Synthesis Summary
  3. Analysis & Synthesis Settings
  4. Analysis & Synthesis Source Files Read
  5. Analysis & Synthesis Resource Usage Summary
  6. Analysis & Synthesis Resource Utilization by Entity
  7. Analysis & Synthesis RAM Summary
  8. General Register Statistics
  9. Registers Packed Into Inferred Megafunctions
 10. Source assignments for sincos_lut:lut|altsyncram:SIN_ROM_rtl_0|altsyncram_6n91:auto_generated
 11. Source assignments for sincos_lut:lut|altsyncram:COS_ROM_rtl_1|altsyncram_7n91:auto_generated
 12. Parameter Settings for Inferred Entity Instance: sincos_lut:lut|altsyncram:SIN_ROM_rtl_0
 13. Parameter Settings for Inferred Entity Instance: sincos_lut:lut|altsyncram:COS_ROM_rtl_1
 14. altsyncram Parameter Settings by Entity Instance
 15. Analysis & Synthesis Messages



----------------
; Legal Notice ;
----------------
Copyright (C) 1991-2009 Altera Corporation
Your use of Altera Corporation's design tools, logic functions 
and other software and tools, and its AMPP partner logic 
functions, and any output files from any of the foregoing 
(including device programming or simulation files), and any 
associated documentation or information are expressly subject 
to the terms and conditions of the Altera Program License 
Subscription Agreement, Altera MegaCore Function License 
Agreement, or other applicable license agreement, including, 
without limitation, that your use is for the sole purpose of 
programming logic devices manufactured by Altera and sold by 
Altera or its authorized distributors.  Please refer to the 
applicable agreement for further details.



+-----------------------------------------------------------------------------------+
; Analysis & Synthesis Summary                                                      ;
+------------------------------------+----------------------------------------------+
; Analysis & Synthesis Status        ; Successful - Sat Nov 20 16:27:37 2021        ;
; Quartus II Version                 ; 9.0 Build 235 06/17/2009 SP 2 SJ Web Edition ;
; Revision Name                      ; DDS                                          ;
; Top-level Entity Name              ; waveform_gen                                 ;
; Family                             ; Cyclone II                                   ;
; Total logic elements               ; 44                                           ;
;     Total combinational functions  ; 32                                           ;
;     Dedicated logic registers      ; 44                                           ;
; Total registers                    ; 44                                           ;
; Total pins                         ; 83                                           ;
; Total virtual pins                 ; 0                                            ;
; Total memory bits                  ; 98,304                                       ;
; Embedded Multiplier 9-bit elements ; 0                                            ;
; Total PLLs                         ; 0                                            ;
+------------------------------------+----------------------------------------------+


+--------------------------------------------------------------------------------------------------------+
; Analysis & Synthesis Settings                                                                          ;
+--------------------------------------------------------------+--------------------+--------------------+
; Option                                                       ; Setting            ; Default Value      ;
+--------------------------------------------------------------+--------------------+--------------------+
; Top-level entity name                                        ; waveform_gen       ; DDS                ;
; Family name                                                  ; Cyclone II         ; Stratix II         ;
; Verilog Show LMF Mapping Messages                            ; Off                ;                    ;
; Verilog Version                                              ; SystemVerilog_2005 ; Verilog_2001       ;
; Type of Retiming Performed During Resynthesis                ; Full               ;                    ;
; Resynthesis Optimization Effort                              ; Normal             ;                    ;
; Physical Synthesis Level for Resynthesis                     ; Normal             ;                    ;
; Use Generated Physical Constraints File                      ; On                 ;                    ;
; Use smart compilation                                        ; Off                ; Off                ;
; Restructure Multiplexers                                     ; Auto               ; Auto               ;
; Create Debugging Nodes for IP Cores                          ; Off                ; Off                ;
; Preserve fewer node names                                    ; On                 ; On                 ;
; Disable OpenCore Plus hardware evaluation                    ; Off                ; Off                ;
; VHDL Version                                                 ; VHDL93             ; VHDL93             ;
; State Machine Processing                                     ; Auto               ; Auto               ;
; Safe State Machine                                           ; Off                ; Off                ;
; Extract Verilog State Machines                               ; On                 ; On                 ;
; Extract VHDL State Machines                                  ; On                 ; On                 ;
; Ignore Verilog initial constructs                            ; Off                ; Off                ;
; Iteration limit for constant Verilog loops                   ; 5000               ; 5000               ;
; Iteration limit for non-constant Verilog loops               ; 250                ; 250                ;
; Add Pass-Through Logic to Inferred RAMs                      ; On                 ; On                 ;
; Parallel Synthesis                                           ; Off                ; Off                ;
; DSP Block Balancing                                          ; Auto               ; Auto               ;
; NOT Gate Push-Back                                           ; On                 ; On                 ;
; Power-Up Don't Care                                          ; On                 ; On                 ;
; Remove Redundant Logic Cells                                 ; Off                ; Off                ;
; Remove Duplicate Registers                                   ; On                 ; On                 ;
; Ignore CARRY Buffers                                         ; Off                ; Off                ;
; Ignore CASCADE Buffers                                       ; Off                ; Off                ;
; Ignore GLOBAL Buffers                                        ; Off                ; Off                ;
; Ignore ROW GLOBAL Buffers                                    ; Off                ; Off                ;
; Ignore LCELL Buffers                                         ; Off                ; Off                ;
; Ignore SOFT Buffers                                          ; On                 ; On                 ;
; Limit AHDL Integers to 32 Bits                               ; Off                ; Off                ;
; Optimization Technique                                       ; Balanced           ; Balanced           ;
; Carry Chain Length                                           ; 70                 ; 70                 ;
; Auto Carry Chains                                            ; On                 ; On                 ;
; Auto Open-Drain Pins                                         ; On                 ; On                 ;
; Perform WYSIWYG Primitive Resynthesis                        ; Off                ; Off                ;
; Auto ROM Replacement                                         ; On                 ; On                 ;
; Auto RAM Replacement                                         ; On                 ; On                 ;
; Auto Shift Register Replacement                              ; Auto               ; Auto               ;
; Auto Clock Enable Replacement                                ; On                 ; On                 ;
; Strict RAM Replacement                                       ; Off                ; Off                ;
; Allow Synchronous Control Signals                            ; On                 ; On                 ;
; Force Use of Synchronous Clear Signals                       ; Off                ; Off                ;
; Auto RAM to Logic Cell Conversion                            ; Off                ; Off                ;
; Auto Resource Sharing                                        ; Off                ; Off                ;
; Allow Any RAM Size For Recognition                           ; Off                ; Off                ;
; Allow Any ROM Size For Recognition                           ; Off                ; Off                ;
; Allow Any Shift Register Size For Recognition                ; Off                ; Off                ;
; Use LogicLock Constraints during Resource Balancing          ; On                 ; On                 ;
; Ignore translate_off and synthesis_off directives            ; Off                ; Off                ;
; Timing-Driven Synthesis                                      ; Off                ; Off                ;
; Show Parameter Settings Tables in Synthesis Report           ; On                 ; On                 ;
; Ignore Maximum Fan-Out Assignments                           ; Off                ; Off                ;
; Synchronization Register Chain Length                        ; 2                  ; 2                  ;
; PowerPlay Power Optimization                                 ; Normal compilation ; Normal compilation ;
; HDL message level                                            ; Level2             ; Level2             ;
; Suppress Register Optimization Related Messages              ; Off                ; Off                ;
; Number of Removed Registers Reported in Synthesis Report     ; 100                ; 100                ;
; Number of Inverted Registers Reported in Synthesis Report    ; 100                ; 100                ;
; Clock MUX Protection                                         ; On                 ; On                 ;
; Auto Gated Clock Conversion                                  ; Off                ; Off                ;
; Block Design Naming                                          ; Auto               ; Auto               ;
; SDC constraint protection                                    ; Off                ; Off                ;
; Synthesis Effort                                             ; Auto               ; Auto               ;
; Shift Register Replacement - Allow Asynchronous Clear Signal ; On                 ; On                 ;
; Analysis & Synthesis Message Level                           ; Medium             ; Medium             ;
+--------------------------------------------------------------+--------------------+--------------------+


+------------------------------------------------------------------------------------------------------------------------------------------------------------------------------------------------------+
; Analysis & Synthesis Source Files Read                                                                                                                                                               ;
+-----------------------------------------+-----------------+-------------------------------------------------------+----------------------------------------------------------------------------------+
; File Name with User-Entered Path        ; Used in Netlist ; File Type                                             ; File Name with Absolute Path                                                     ;
+-----------------------------------------+-----------------+-------------------------------------------------------+----------------------------------------------------------------------------------+
; ../../sincos_lut.vhd                    ; yes             ; User VHDL File                                        ; C:/Documents/School/cpen311-Lab5/sincos_lut.vhd                                  ;
; ../../waveform_gen.vhd                  ; yes             ; User VHDL File                                        ; C:/Documents/School/cpen311-Lab5/waveform_gen.vhd                                ;
; altsyncram.tdf                          ; yes             ; Megafunction                                          ; c:/altera/90sp2/quartus/libraries/megafunctions/altsyncram.tdf                   ;
; stratix_ram_block.inc                   ; yes             ; Megafunction                                          ; c:/altera/90sp2/quartus/libraries/megafunctions/stratix_ram_block.inc            ;
; lpm_mux.inc                             ; yes             ; Megafunction                                          ; c:/altera/90sp2/quartus/libraries/megafunctions/lpm_mux.inc                      ;
; lpm_decode.inc                          ; yes             ; Megafunction                                          ; c:/altera/90sp2/quartus/libraries/megafunctions/lpm_decode.inc                   ;
; aglobal90.inc                           ; yes             ; Megafunction                                          ; c:/altera/90sp2/quartus/libraries/megafunctions/aglobal90.inc                    ;
; a_rdenreg.inc                           ; yes             ; Megafunction                                          ; c:/altera/90sp2/quartus/libraries/megafunctions/a_rdenreg.inc                    ;
; altrom.inc                              ; yes             ; Megafunction                                          ; c:/altera/90sp2/quartus/libraries/megafunctions/altrom.inc                       ;
; altram.inc                              ; yes             ; Megafunction                                          ; c:/altera/90sp2/quartus/libraries/megafunctions/altram.inc                       ;
; altdpram.inc                            ; yes             ; Megafunction                                          ; c:/altera/90sp2/quartus/libraries/megafunctions/altdpram.inc                     ;
; altqpram.inc                            ; yes             ; Megafunction                                          ; c:/altera/90sp2/quartus/libraries/megafunctions/altqpram.inc                     ;
; db/altsyncram_6n91.tdf                  ; yes             ; Auto-Generated Megafunction                           ; C:/Documents/School/cpen311-Lab5/sim/DDS/db/altsyncram_6n91.tdf                  ;
; db/DDS.ram0_sincos_lut_ac05b4c2.hdl.mif ; yes             ; Auto-Generated Auto-Found Memory Initialization File  ; C:/Documents/School/cpen311-Lab5/sim/DDS/db/DDS.ram0_sincos_lut_ac05b4c2.hdl.mif ;
; db/altsyncram_7n91.tdf                  ; yes             ; Auto-Generated Megafunction                           ; C:/Documents/School/cpen311-Lab5/sim/DDS/db/altsyncram_7n91.tdf                  ;
; db/DDS.ram1_sincos_lut_ac05b4c2.hdl.mif ; yes             ; Auto-Generated Auto-Found Memory Initialization File  ; C:/Documents/School/cpen311-Lab5/sim/DDS/db/DDS.ram1_sincos_lut_ac05b4c2.hdl.mif ;
+-----------------------------------------+-----------------+-------------------------------------------------------+----------------------------------------------------------------------------------+


+-----------------------------------------------------+
; Analysis & Synthesis Resource Usage Summary         ;
+---------------------------------------------+-------+
; Resource                                    ; Usage ;
+---------------------------------------------+-------+
; Estimated Total logic elements              ; 44    ;
;                                             ;       ;
; Total combinational functions               ; 32    ;
; Logic element usage by number of LUT inputs ;       ;
;     -- 4 input functions                    ; 0     ;
;     -- 3 input functions                    ; 31    ;
;     -- <=2 input functions                  ; 1     ;
;                                             ;       ;
; Logic elements by mode                      ;       ;
;     -- normal mode                          ; 1     ;
;     -- arithmetic mode                      ; 31    ;
;                                             ;       ;
; Total registers                             ; 44    ;
;     -- Dedicated logic registers            ; 44    ;
;     -- I/O registers                        ; 0     ;
;                                             ;       ;
; I/O pins                                    ; 83    ;
; Total memory bits                           ; 98304 ;
; Maximum fan-out node                        ; clk   ;
; Maximum fan-out                             ; 68    ;
; Total fan-out                               ; 643   ;
; Average fan-out                             ; 3.51  ;
+---------------------------------------------+-------+


+-------------------------------------------------------------------------------------------------------------------------------------------------------------------------------------------------------------------------------------------------------------+
; Analysis & Synthesis Resource Utilization by Entity                                                                                                                                                                                                         ;
+-------------------------------------------+-------------------+--------------+-------------+--------------+---------+-----------+------+--------------+--------------------------------------------------------------------------------------+--------------+
; Compilation Hierarchy Node                ; LC Combinationals ; LC Registers ; Memory Bits ; DSP Elements ; DSP 9x9 ; DSP 18x18 ; Pins ; Virtual Pins ; Full Hierarchy Name                                                                  ; Library Name ;
+-------------------------------------------+-------------------+--------------+-------------+--------------+---------+-----------+------+--------------+--------------------------------------------------------------------------------------+--------------+
; |waveform_gen                             ; 32 (32)           ; 44 (44)      ; 98304       ; 0            ; 0       ; 0         ; 83   ; 0            ; |waveform_gen                                                                        ; work         ;
;    |sincos_lut:lut|                       ; 0 (0)             ; 0 (0)        ; 98304       ; 0            ; 0       ; 0         ; 0    ; 0            ; |waveform_gen|sincos_lut:lut                                                         ; work         ;
;       |altsyncram:COS_ROM_rtl_1|          ; 0 (0)             ; 0 (0)        ; 49152       ; 0            ; 0       ; 0         ; 0    ; 0            ; |waveform_gen|sincos_lut:lut|altsyncram:COS_ROM_rtl_1                                ; work         ;
;          |altsyncram_7n91:auto_generated| ; 0 (0)             ; 0 (0)        ; 49152       ; 0            ; 0       ; 0         ; 0    ; 0            ; |waveform_gen|sincos_lut:lut|altsyncram:COS_ROM_rtl_1|altsyncram_7n91:auto_generated ; work         ;
;       |altsyncram:SIN_ROM_rtl_0|          ; 0 (0)             ; 0 (0)        ; 49152       ; 0            ; 0       ; 0         ; 0    ; 0            ; |waveform_gen|sincos_lut:lut|altsyncram:SIN_ROM_rtl_0                                ; work         ;
;          |altsyncram_6n91:auto_generated| ; 0 (0)             ; 0 (0)        ; 49152       ; 0            ; 0       ; 0         ; 0    ; 0            ; |waveform_gen|sincos_lut:lut|altsyncram:SIN_ROM_rtl_0|altsyncram_6n91:auto_generated ; work         ;
+-------------------------------------------+-------------------+--------------+-------------+--------------+---------+-----------+------+--------------+--------------------------------------------------------------------------------------+--------------+
Note: For table entries with two numbers listed, the numbers in parentheses indicate the number of resources of the given type used by the specific entity alone. The numbers listed outside of parentheses indicate the total resources of the given type used by the specific entity and all of its sub-entities in the hierarchy.


+---------------------------------------------------------------------------------------------------------------------------------------------------------------------------------------------------------------+
; Analysis & Synthesis RAM Summary                                                                                                                                                                              ;
+-----------------------------------------------------------------------------------+------+------+--------------+--------------+--------------+--------------+-------+-----------------------------------------+
; Name                                                                              ; Type ; Mode ; Port A Depth ; Port A Width ; Port B Depth ; Port B Width ; Size  ; MIF                                     ;
+-----------------------------------------------------------------------------------+------+------+--------------+--------------+--------------+--------------+-------+-----------------------------------------+
; sincos_lut:lut|altsyncram:COS_ROM_rtl_1|altsyncram_7n91:auto_generated|ALTSYNCRAM ; AUTO ; ROM  ; 4096         ; 12           ; --           ; --           ; 49152 ; db/DDS.ram1_sincos_lut_ac05b4c2.hdl.mif ;
; sincos_lut:lut|altsyncram:SIN_ROM_rtl_0|altsyncram_6n91:auto_generated|ALTSYNCRAM ; AUTO ; ROM  ; 4096         ; 12           ; --           ; --           ; 49152 ; db/DDS.ram0_sincos_lut_ac05b4c2.hdl.mif ;
+-----------------------------------------------------------------------------------+------+------+--------------+--------------+--------------+--------------+-------+-----------------------------------------+


+------------------------------------------------------+
; General Register Statistics                          ;
+----------------------------------------------+-------+
; Statistic                                    ; Value ;
+----------------------------------------------+-------+
; Total registers                              ; 44    ;
; Number of registers using Synchronous Clear  ; 0     ;
; Number of registers using Synchronous Load   ; 0     ;
; Number of registers using Asynchronous Clear ; 32    ;
; Number of registers using Asynchronous Load  ; 0     ;
; Number of registers using Clock Enable       ; 44    ;
; Number of registers using Preset             ; 0     ;
+----------------------------------------------+-------+


+---------------------------------------------------------------+
; Registers Packed Into Inferred Megafunctions                  ;
+----------------------------+---------------------------+------+
; Register Name              ; Megafunction              ; Type ;
+----------------------------+---------------------------+------+
; sincos_lut:lut|sin_out[0]  ; sincos_lut:lut|SIN_ROM~24 ; RAM  ;
; sincos_lut:lut|sin_out[1]  ; sincos_lut:lut|SIN_ROM~24 ; RAM  ;
; sincos_lut:lut|sin_out[2]  ; sincos_lut:lut|SIN_ROM~24 ; RAM  ;
; sincos_lut:lut|sin_out[3]  ; sincos_lut:lut|SIN_ROM~24 ; RAM  ;
; sincos_lut:lut|sin_out[4]  ; sincos_lut:lut|SIN_ROM~24 ; RAM  ;
; sincos_lut:lut|sin_out[5]  ; sincos_lut:lut|SIN_ROM~24 ; RAM  ;
; sincos_lut:lut|sin_out[6]  ; sincos_lut:lut|SIN_ROM~24 ; RAM  ;
; sincos_lut:lut|sin_out[7]  ; sincos_lut:lut|SIN_ROM~24 ; RAM  ;
; sincos_lut:lut|sin_out[8]  ; sincos_lut:lut|SIN_ROM~24 ; RAM  ;
; sincos_lut:lut|sin_out[9]  ; sincos_lut:lut|SIN_ROM~24 ; RAM  ;
; sincos_lut:lut|sin_out[10] ; sincos_lut:lut|SIN_ROM~24 ; RAM  ;
; sincos_lut:lut|sin_out[11] ; sincos_lut:lut|SIN_ROM~24 ; RAM  ;
; sincos_lut:lut|cos_out[0]  ; sincos_lut:lut|COS_ROM~23 ; RAM  ;
; sincos_lut:lut|cos_out[1]  ; sincos_lut:lut|COS_ROM~23 ; RAM  ;
; sincos_lut:lut|cos_out[2]  ; sincos_lut:lut|COS_ROM~23 ; RAM  ;
; sincos_lut:lut|cos_out[3]  ; sincos_lut:lut|COS_ROM~23 ; RAM  ;
; sincos_lut:lut|cos_out[4]  ; sincos_lut:lut|COS_ROM~23 ; RAM  ;
; sincos_lut:lut|cos_out[5]  ; sincos_lut:lut|COS_ROM~23 ; RAM  ;
; sincos_lut:lut|cos_out[6]  ; sincos_lut:lut|COS_ROM~23 ; RAM  ;
; sincos_lut:lut|cos_out[7]  ; sincos_lut:lut|COS_ROM~23 ; RAM  ;
; sincos_lut:lut|cos_out[8]  ; sincos_lut:lut|COS_ROM~23 ; RAM  ;
; sincos_lut:lut|cos_out[9]  ; sincos_lut:lut|COS_ROM~23 ; RAM  ;
; sincos_lut:lut|cos_out[10] ; sincos_lut:lut|COS_ROM~23 ; RAM  ;
; sincos_lut:lut|cos_out[11] ; sincos_lut:lut|COS_ROM~23 ; RAM  ;
+----------------------------+---------------------------+------+


+-----------------------------------------------------------------------------------------------+
; Source assignments for sincos_lut:lut|altsyncram:SIN_ROM_rtl_0|altsyncram_6n91:auto_generated ;
+---------------------------------+--------------------+------+---------------------------------+
; Assignment                      ; Value              ; From ; To                              ;
+---------------------------------+--------------------+------+---------------------------------+
; OPTIMIZE_POWER_DURING_SYNTHESIS ; NORMAL_COMPILATION ; -    ; -                               ;
+---------------------------------+--------------------+------+---------------------------------+


+-----------------------------------------------------------------------------------------------+
; Source assignments for sincos_lut:lut|altsyncram:COS_ROM_rtl_1|altsyncram_7n91:auto_generated ;
+---------------------------------+--------------------+------+---------------------------------+
; Assignment                      ; Value              ; From ; To                              ;
+---------------------------------+--------------------+------+---------------------------------+
; OPTIMIZE_POWER_DURING_SYNTHESIS ; NORMAL_COMPILATION ; -    ; -                               ;
+---------------------------------+--------------------+------+---------------------------------+


+-----------------------------------------------------------------------------------------------+
; Parameter Settings for Inferred Entity Instance: sincos_lut:lut|altsyncram:SIN_ROM_rtl_0      ;
+------------------------------------+-----------------------------------------+----------------+
; Parameter Name                     ; Value                                   ; Type           ;
+------------------------------------+-----------------------------------------+----------------+
; BYTE_SIZE_BLOCK                    ; 8                                       ; Untyped        ;
; AUTO_CARRY_CHAINS                  ; ON                                      ; AUTO_CARRY     ;
; IGNORE_CARRY_BUFFERS               ; OFF                                     ; IGNORE_CARRY   ;
; AUTO_CASCADE_CHAINS                ; ON                                      ; AUTO_CASCADE   ;
; IGNORE_CASCADE_BUFFERS             ; OFF                                     ; IGNORE_CASCADE ;
; WIDTH_BYTEENA                      ; 1                                       ; Untyped        ;
; OPERATION_MODE                     ; ROM                                     ; Untyped        ;
; WIDTH_A                            ; 12                                      ; Untyped        ;
; WIDTHAD_A                          ; 12                                      ; Untyped        ;
; NUMWORDS_A                         ; 4096                                    ; Untyped        ;
; OUTDATA_REG_A                      ; UNREGISTERED                            ; Untyped        ;
; ADDRESS_ACLR_A                     ; NONE                                    ; Untyped        ;
; OUTDATA_ACLR_A                     ; NONE                                    ; Untyped        ;
; WRCONTROL_ACLR_A                   ; NONE                                    ; Untyped        ;
; INDATA_ACLR_A                      ; NONE                                    ; Untyped        ;
; BYTEENA_ACLR_A                     ; NONE                                    ; Untyped        ;
; WIDTH_B                            ; 1                                       ; Untyped        ;
; WIDTHAD_B                          ; 1                                       ; Untyped        ;
; NUMWORDS_B                         ; 1                                       ; Untyped        ;
; INDATA_REG_B                       ; CLOCK1                                  ; Untyped        ;
; WRCONTROL_WRADDRESS_REG_B          ; CLOCK1                                  ; Untyped        ;
; RDCONTROL_REG_B                    ; CLOCK1                                  ; Untyped        ;
; ADDRESS_REG_B                      ; CLOCK1                                  ; Untyped        ;
; OUTDATA_REG_B                      ; UNREGISTERED                            ; Untyped        ;
; BYTEENA_REG_B                      ; CLOCK1                                  ; Untyped        ;
; INDATA_ACLR_B                      ; NONE                                    ; Untyped        ;
; WRCONTROL_ACLR_B                   ; NONE                                    ; Untyped        ;
; ADDRESS_ACLR_B                     ; NONE                                    ; Untyped        ;
; OUTDATA_ACLR_B                     ; NONE                                    ; Untyped        ;
; RDCONTROL_ACLR_B                   ; NONE                                    ; Untyped        ;
; BYTEENA_ACLR_B                     ; NONE                                    ; Untyped        ;
; WIDTH_BYTEENA_A                    ; 1                                       ; Untyped        ;
; WIDTH_BYTEENA_B                    ; 1                                       ; Untyped        ;
; RAM_BLOCK_TYPE                     ; AUTO                                    ; Untyped        ;
; BYTE_SIZE                          ; 8                                       ; Untyped        ;
; READ_DURING_WRITE_MODE_MIXED_PORTS ; DONT_CARE                               ; Untyped        ;
; READ_DURING_WRITE_MODE_PORT_A      ; NEW_DATA_NO_NBE_READ                    ; Untyped        ;
; READ_DURING_WRITE_MODE_PORT_B      ; NEW_DATA_NO_NBE_READ                    ; Untyped        ;
; INIT_FILE                          ; db/DDS.ram0_sincos_lut_ac05b4c2.hdl.mif ; Untyped        ;
; INIT_FILE_LAYOUT                   ; PORT_A                                  ; Untyped        ;
; MAXIMUM_DEPTH                      ; 0                                       ; Untyped        ;
; CLOCK_ENABLE_INPUT_A               ; NORMAL                                  ; Untyped        ;
; CLOCK_ENABLE_INPUT_B               ; NORMAL                                  ; Untyped        ;
; CLOCK_ENABLE_OUTPUT_A              ; NORMAL                                  ; Untyped        ;
; CLOCK_ENABLE_OUTPUT_B              ; NORMAL                                  ; Untyped        ;
; CLOCK_ENABLE_CORE_A                ; USE_INPUT_CLKEN                         ; Untyped        ;
; CLOCK_ENABLE_CORE_B                ; USE_INPUT_CLKEN                         ; Untyped        ;
; ENABLE_ECC                         ; FALSE                                   ; Untyped        ;
; DEVICE_FAMILY                      ; Cyclone II                              ; Untyped        ;
; CBXI_PARAMETER                     ; altsyncram_6n91                         ; Untyped        ;
+------------------------------------+-----------------------------------------+----------------+
Note: In order to hide this table in the UI and the text report file, please set the "Show Parameter Settings Tables in Synthesis Report" option in "Analysis and Synthesis Settings -> More Settings" to "Off".


+-----------------------------------------------------------------------------------------------+
; Parameter Settings for Inferred Entity Instance: sincos_lut:lut|altsyncram:COS_ROM_rtl_1      ;
+------------------------------------+-----------------------------------------+----------------+
; Parameter Name                     ; Value                                   ; Type           ;
+------------------------------------+-----------------------------------------+----------------+
; BYTE_SIZE_BLOCK                    ; 8                                       ; Untyped        ;
; AUTO_CARRY_CHAINS                  ; ON                                      ; AUTO_CARRY     ;
; IGNORE_CARRY_BUFFERS               ; OFF                                     ; IGNORE_CARRY   ;
; AUTO_CASCADE_CHAINS                ; ON                                      ; AUTO_CASCADE   ;
; IGNORE_CASCADE_BUFFERS             ; OFF                                     ; IGNORE_CASCADE ;
; WIDTH_BYTEENA                      ; 1                                       ; Untyped        ;
; OPERATION_MODE                     ; ROM                                     ; Untyped        ;
; WIDTH_A                            ; 12                                      ; Untyped        ;
; WIDTHAD_A                          ; 12                                      ; Untyped        ;
; NUMWORDS_A                         ; 4096                                    ; Untyped        ;
; OUTDATA_REG_A                      ; UNREGISTERED                            ; Untyped        ;
; ADDRESS_ACLR_A                     ; NONE                                    ; Untyped        ;
; OUTDATA_ACLR_A                     ; NONE                                    ; Untyped        ;
; WRCONTROL_ACLR_A                   ; NONE                                    ; Untyped        ;
; INDATA_ACLR_A                      ; NONE                                    ; Untyped        ;
; BYTEENA_ACLR_A                     ; NONE                                    ; Untyped        ;
; WIDTH_B                            ; 1                                       ; Untyped        ;
; WIDTHAD_B                          ; 1                                       ; Untyped        ;
; NUMWORDS_B                         ; 1                                       ; Untyped        ;
; INDATA_REG_B                       ; CLOCK1                                  ; Untyped        ;
; WRCONTROL_WRADDRESS_REG_B          ; CLOCK1                                  ; Untyped        ;
; RDCONTROL_REG_B                    ; CLOCK1                                  ; Untyped        ;
; ADDRESS_REG_B                      ; CLOCK1                                  ; Untyped        ;
; OUTDATA_REG_B                      ; UNREGISTERED                            ; Untyped        ;
; BYTEENA_REG_B                      ; CLOCK1                                  ; Untyped        ;
; INDATA_ACLR_B                      ; NONE                                    ; Untyped        ;
; WRCONTROL_ACLR_B                   ; NONE                                    ; Untyped        ;
; ADDRESS_ACLR_B                     ; NONE                                    ; Untyped        ;
; OUTDATA_ACLR_B                     ; NONE                                    ; Untyped        ;
; RDCONTROL_ACLR_B                   ; NONE                                    ; Untyped        ;
; BYTEENA_ACLR_B                     ; NONE                                    ; Untyped        ;
; WIDTH_BYTEENA_A                    ; 1                                       ; Untyped        ;
; WIDTH_BYTEENA_B                    ; 1                                       ; Untyped        ;
; RAM_BLOCK_TYPE                     ; AUTO                                    ; Untyped        ;
; BYTE_SIZE                          ; 8                                       ; Untyped        ;
; READ_DURING_WRITE_MODE_MIXED_PORTS ; DONT_CARE                               ; Untyped        ;
; READ_DURING_WRITE_MODE_PORT_A      ; NEW_DATA_NO_NBE_READ                    ; Untyped        ;
; READ_DURING_WRITE_MODE_PORT_B      ; NEW_DATA_NO_NBE_READ                    ; Untyped        ;
; INIT_FILE                          ; db/DDS.ram1_sincos_lut_ac05b4c2.hdl.mif ; Untyped        ;
; INIT_FILE_LAYOUT                   ; PORT_A                                  ; Untyped        ;
; MAXIMUM_DEPTH                      ; 0                                       ; Untyped        ;
; CLOCK_ENABLE_INPUT_A               ; NORMAL                                  ; Untyped        ;
; CLOCK_ENABLE_INPUT_B               ; NORMAL                                  ; Untyped        ;
; CLOCK_ENABLE_OUTPUT_A              ; NORMAL                                  ; Untyped        ;
; CLOCK_ENABLE_OUTPUT_B              ; NORMAL                                  ; Untyped        ;
; CLOCK_ENABLE_CORE_A                ; USE_INPUT_CLKEN                         ; Untyped        ;
; CLOCK_ENABLE_CORE_B                ; USE_INPUT_CLKEN                         ; Untyped        ;
; ENABLE_ECC                         ; FALSE                                   ; Untyped        ;
; DEVICE_FAMILY                      ; Cyclone II                              ; Untyped        ;
; CBXI_PARAMETER                     ; altsyncram_7n91                         ; Untyped        ;
+------------------------------------+-----------------------------------------+----------------+
Note: In order to hide this table in the UI and the text report file, please set the "Show Parameter Settings Tables in Synthesis Report" option in "Analysis and Synthesis Settings -> More Settings" to "Off".


+-------------------------------------------------------------------------------------+
; altsyncram Parameter Settings by Entity Instance                                    ;
+-------------------------------------------+-----------------------------------------+
; Name                                      ; Value                                   ;
+-------------------------------------------+-----------------------------------------+
; Number of entity instances                ; 2                                       ;
; Entity Instance                           ; sincos_lut:lut|altsyncram:SIN_ROM_rtl_0 ;
;     -- OPERATION_MODE                     ; ROM                                     ;
;     -- WIDTH_A                            ; 12                                      ;
;     -- NUMWORDS_A                         ; 4096                                    ;
;     -- OUTDATA_REG_A                      ; UNREGISTERED                            ;
;     -- WIDTH_B                            ; 1                                       ;
;     -- NUMWORDS_B                         ; 1                                       ;
;     -- ADDRESS_REG_B                      ; CLOCK1                                  ;
;     -- OUTDATA_REG_B                      ; UNREGISTERED                            ;
;     -- RAM_BLOCK_TYPE                     ; AUTO                                    ;
;     -- READ_DURING_WRITE_MODE_MIXED_PORTS ; DONT_CARE                               ;
; Entity Instance                           ; sincos_lut:lut|altsyncram:COS_ROM_rtl_1 ;
;     -- OPERATION_MODE                     ; ROM                                     ;
;     -- WIDTH_A                            ; 12                                      ;
;     -- NUMWORDS_A                         ; 4096                                    ;
;     -- OUTDATA_REG_A                      ; UNREGISTERED                            ;
;     -- WIDTH_B                            ; 1                                       ;
;     -- NUMWORDS_B                         ; 1                                       ;
;     -- ADDRESS_REG_B                      ; CLOCK1                                  ;
;     -- OUTDATA_REG_B                      ; UNREGISTERED                            ;
;     -- RAM_BLOCK_TYPE                     ; AUTO                                    ;
;     -- READ_DURING_WRITE_MODE_MIXED_PORTS ; DONT_CARE                               ;
+-------------------------------------------+-----------------------------------------+


+-------------------------------+
; Analysis & Synthesis Messages ;
+-------------------------------+
Info: *******************************************************************
Info: Running Quartus II Analysis & Synthesis
    Info: Version 9.0 Build 235 06/17/2009 Service Pack 2 SJ Web Edition
    Info: Processing started: Sat Nov 20 16:27:36 2021
Info: Command: quartus_map --read_settings_files=on --write_settings_files=off DDS -c DDS
Info: Found 2 design units, including 1 entities, in source file ../../sincos_lut.vhd
    Info: Found design unit 1: sincos_lut-rtl
    Info: Found entity 1: sincos_lut
Info: Found 2 design units, including 1 entities, in source file ../../waveform_gen.vhd
    Info: Found design unit 1: waveform_gen-rtl
    Info: Found entity 1: waveform_gen
Info: Elaborating entity "waveform_gen" for the top level hierarchy
Info: Elaborating entity "sincos_lut" for hierarchy "sincos_lut:lut"
Info: Inferred 2 megafunctions from design logic
    Info: Inferred altsyncram megafunction from the following design logic: "sincos_lut:lut|SIN_ROM~24" 
        Info: Parameter OPERATION_MODE set to ROM
        Info: Parameter WIDTH_A set to 12
        Info: Parameter WIDTHAD_A set to 12
        Info: Parameter NUMWORDS_A set to 4096
        Info: Parameter OUTDATA_REG_A set to UNREGISTERED
        Info: Parameter ADDRESS_ACLR_A set to NONE
        Info: Parameter OUTDATA_ACLR_A set to NONE
        Info: Parameter INDATA_ACLR_A set to NONE
        Info: Parameter WRCONTROL_ACLR_A set to NONE
        Info: Parameter RAM_BLOCK_TYPE set to AUTO
        Info: Parameter INIT_FILE set to db/DDS.ram0_sincos_lut_ac05b4c2.hdl.mif
    Info: Inferred altsyncram megafunction from the following design logic: "sincos_lut:lut|COS_ROM~23" 
        Info: Parameter OPERATION_MODE set to ROM
        Info: Parameter WIDTH_A set to 12
        Info: Parameter WIDTHAD_A set to 12
        Info: Parameter NUMWORDS_A set to 4096
        Info: Parameter OUTDATA_REG_A set to UNREGISTERED
        Info: Parameter ADDRESS_ACLR_A set to NONE
        Info: Parameter OUTDATA_ACLR_A set to NONE
        Info: Parameter INDATA_ACLR_A set to NONE
        Info: Parameter WRCONTROL_ACLR_A set to NONE
        Info: Parameter RAM_BLOCK_TYPE set to AUTO
        Info: Parameter INIT_FILE set to db/DDS.ram1_sincos_lut_ac05b4c2.hdl.mif
Info: Elaborated megafunction instantiation "sincos_lut:lut|altsyncram:SIN_ROM_rtl_0"
Info: Instantiated megafunction "sincos_lut:lut|altsyncram:SIN_ROM_rtl_0" with the following parameter:
    Info: Parameter "OPERATION_MODE" = "ROM"
    Info: Parameter "WIDTH_A" = "12"
    Info: Parameter "WIDTHAD_A" = "12"
    Info: Parameter "NUMWORDS_A" = "4096"
    Info: Parameter "OUTDATA_REG_A" = "UNREGISTERED"
    Info: Parameter "ADDRESS_ACLR_A" = "NONE"
    Info: Parameter "OUTDATA_ACLR_A" = "NONE"
    Info: Parameter "INDATA_ACLR_A" = "NONE"
    Info: Parameter "WRCONTROL_ACLR_A" = "NONE"
    Info: Parameter "RAM_BLOCK_TYPE" = "AUTO"
    Info: Parameter "INIT_FILE" = "db/DDS.ram0_sincos_lut_ac05b4c2.hdl.mif"
Info: Found 1 design units, including 1 entities, in source file db/altsyncram_6n91.tdf
    Info: Found entity 1: altsyncram_6n91
Info: Elaborated megafunction instantiation "sincos_lut:lut|altsyncram:COS_ROM_rtl_1"
Info: Instantiated megafunction "sincos_lut:lut|altsyncram:COS_ROM_rtl_1" with the following parameter:
    Info: Parameter "OPERATION_MODE" = "ROM"
    Info: Parameter "WIDTH_A" = "12"
    Info: Parameter "WIDTHAD_A" = "12"
    Info: Parameter "NUMWORDS_A" = "4096"
    Info: Parameter "OUTDATA_REG_A" = "UNREGISTERED"
    Info: Parameter "ADDRESS_ACLR_A" = "NONE"
    Info: Parameter "OUTDATA_ACLR_A" = "NONE"
    Info: Parameter "INDATA_ACLR_A" = "NONE"
    Info: Parameter "WRCONTROL_ACLR_A" = "NONE"
    Info: Parameter "RAM_BLOCK_TYPE" = "AUTO"
    Info: Parameter "INIT_FILE" = "db/DDS.ram1_sincos_lut_ac05b4c2.hdl.mif"
Info: Found 1 design units, including 1 entities, in source file db/altsyncram_7n91.tdf
    Info: Found entity 1: altsyncram_7n91
Info: Implemented 151 device resources after synthesis - the final resource count might be different
    Info: Implemented 35 input pins
    Info: Implemented 48 output pins
    Info: Implemented 44 logic cells
    Info: Implemented 24 RAM segments
Info: Quartus II Analysis & Synthesis was successful. 0 errors, 0 warnings
    Info: Peak virtual memory: 250 megabytes
    Info: Processing ended: Sat Nov 20 16:27:37 2021
    Info: Elapsed time: 00:00:01
    Info: Total CPU time (on all processors): 00:00:01


